# JRE version: OpenJDK Runtime Environment Temurin-17.0.10+7 (17.0.10+7) (build 17.0.10+7)
# Java VM: OpenJDK 64-Bit Server VM Temurin-17.0.10+7 (17.0.10+7, mixed mode, emulated-client, tiered, compressed oops, compressed class ptrs, g1 gc, windows-amd64)
GC Precious Log:
 CPUs: 16 total, 16 available
 Memory: 15697M
 Large Page Support: Disabled
 NUMA Support: Disabled
 Compressed Oops: Enabled (Zero based)
 Heap Region Size: 2M
 Heap Min Capacity: 8M
 Heap Initial Capacity: 246M
 Heap Max Capacity: 3926M
 Pre-touch: Disabled
 Parallel Workers: 13
 Concurrent Workers: 3
 Concurrent Refinement Workers: 13
 Periodic GC: Disabled
Heap:
 garbage-first heap   total 157696K, used 63548K [0x000000070aa00000, 0x0000000800000000)
  region size 2048K, 24 young (49152K), 2 survivors (4096K)
 Metaspace       used 53104K, committed 53696K, reserved 1114112K
  class space    used 6704K, committed 6976K, reserved 1048576K
GC Heap History (20 events):
Event: 1.659 GC heap after
{Heap after GC invocations=2 (full 0):
 garbage-first heap   total 251904K, used 7546K [0x000000070aa00000, 0x0000000800000000)
  region size 2048K, 1 young (2048K), 1 survivors (2048K)
 Metaspace       used 21192K, committed 21440K, reserved 1114112K
  class space    used 2445K, committed 2560K, reserved 1048576K
}
Event: 1.663 GC heap before
{Heap before GC invocations=2 (full 0):
 garbage-first heap   total 251904K, used 7546K [0x000000070aa00000, 0x0000000800000000)
  region size 2048K, 2 young (4096K), 1 survivors (2048K)
 Metaspace       used 21269K, committed 21504K, reserved 1114112K
  class space    used 2453K, committed 2560K, reserved 1048576K
}
Event: 1.665 GC heap after
{Heap after GC invocations=3 (full 0):
 garbage-first heap   total 251904K, used 7344K [0x000000070aa00000, 0x0000000800000000)
  region size 2048K, 1 young (2048K), 1 survivors (2048K)
 Metaspace       used 21269K, committed 21504K, reserved 1114112K
  class space    used 2453K, committed 2560K, reserved 1048576K
}
Event: 1.831 GC heap before
{Heap before GC invocations=4 (full 0):
 garbage-first heap   total 34816K, used 23728K [0x000000070aa00000, 0x0000000800000000)
  region size 2048K, 10 young (20480K), 1 survivors (2048K)
 Metaspace       used 25275K, committed 25600K, reserved 1114112K
  class space    used 2958K, committed 3072K, reserved 1048576K
}
Event: 1.834 GC heap after
{Heap after GC invocations=5 (full 0):
 garbage-first heap   total 34816K, used 8417K [0x000000070aa00000, 0x0000000800000000)
  region size 2048K, 2 young (4096K), 2 survivors (4096K)
 Metaspace       used 25275K, committed 25600K, reserved 1114112K
  class space    used 2958K, committed 3072K, reserved 1048576K
}
Event: 1.852 GC heap before
{Heap before GC invocations=5 (full 0):
 garbage-first heap   total 34816K, used 10465K [0x000000070aa00000, 0x0000000800000000)
  region size 2048K, 3 young (6144K), 2 survivors (4096K)
 Metaspace       used 25705K, committed 26048K, reserved 1114112K
  class space    used 3037K, committed 3200K, reserved 1048576K
}
Event: 1.855 GC heap after
{Heap after GC invocations=6 (full 0):
 garbage-first heap   total 34816K, used 8647K [0x000000070aa00000, 0x0000000800000000)
  region size 2048K, 1 young (2048K), 1 survivors (2048K)
 Metaspace       used 25705K, committed 26048K, reserved 1114112K
  class space    used 3037K, committed 3200K, reserved 1048576K
}
Event: 2.028 GC heap before
{Heap before GC invocations=6 (full 0):
 garbage-first heap   total 34816K, used 22983K [0x000000070aa00000, 0x0000000800000000)
  region size 2048K, 8 young (16384K), 1 survivors (2048K)
 Metaspace       used 27629K, committed 27968K, reserved 1114112K
  class space    used 3307K, committed 3456K, reserved 1048576K
}
Event: 2.030 GC heap after
{Heap after GC invocations=7 (full 0):
 garbage-first heap   total 34816K, used 10100K [0x000000070aa00000, 0x0000000800000000)
  region size 2048K, 1 young (2048K), 1 survivors (2048K)
 Metaspace       used 27629K, committed 27968K, reserved 1114112K
  class space    used 3307K, committed 3456K, reserved 1048576K
}
Event: 2.274 GC heap before
{Heap before GC invocations=7 (full 0):
 garbage-first heap   total 34816K, used 24436K [0x000000070aa00000, 0x0000000800000000)
  region size 2048K, 8 young (16384K), 1 survivors (2048K)
 Metaspace       used 28397K, committed 28736K, reserved 1114112K
  class space    used 3434K, committed 3584K, reserved 1048576K
}
Event: 2.277 GC heap after
{Heap after GC invocations=8 (full 0):
 garbage-first heap   total 143360K, used 11412K [0x000000070aa00000, 0x0000000800000000)
  region size 2048K, 1 young (2048K), 1 survivors (2048K)
 Metaspace       used 28397K, committed 28736K, reserved 1114112K
  class space    used 3434K, committed 3584K, reserved 1048576K
}
Event: 3.586 GC heap before
{Heap before GC invocations=8 (full 0):
 garbage-first heap   total 143360K, used 66708K [0x000000070aa00000, 0x0000000800000000)
  region size 2048K, 29 young (59392K), 1 survivors (2048K)
 Metaspace       used 35927K, committed 36416K, reserved 1114112K
  class space    used 4507K, committed 4736K, reserved 1048576K
}
Event: 3.591 GC heap after
{Heap after GC invocations=9 (full 0):
 garbage-first heap   total 143360K, used 15646K [0x000000070aa00000, 0x0000000800000000)
  region size 2048K, 3 young (6144K), 3 survivors (6144K)
 Metaspace       used 35927K, committed 36416K, reserved 1114112K
  class space    used 4507K, committed 4736K, reserved 1048576K
}
Event: 3.931 GC heap before
{Heap before GC invocations=10 (full 0):
 garbage-first heap   total 61440K, used 46366K [0x000000070aa00000, 0x0000000800000000)
  region size 2048K, 18 young (36864K), 3 survivors (6144K)
 Metaspace       used 40267K, committed 40768K, reserved 1114112K
  class space    used 5075K, committed 5312K, reserved 1048576K
}
Event: 3.935 GC heap after
{Heap after GC invocations=11 (full 0):
 garbage-first heap   total 61440K, used 16618K [0x000000070aa00000, 0x0000000800000000)
  region size 2048K, 1 young (2048K), 1 survivors (2048K)
 Metaspace       used 40267K, committed 40768K, reserved 1114112K
  class space    used 5075K, committed 5312K, reserved 1048576K
}
Event: 3.977 GC heap before
{Heap before GC invocations=11 (full 0):
 garbage-first heap   total 61440K, used 18666K [0x000000070aa00000, 0x0000000800000000)
  region size 2048K, 2 young (4096K), 1 survivors (2048K)
 Metaspace       used 40510K, committed 41024K, reserved 1114112K
  class space    used 5114K, committed 5376K, reserved 1048576K
}
Event: 3.980 GC heap after
{Heap after GC invocations=12 (full 0):
 garbage-first heap   total 61440K, used 16523K [0x000000070aa00000, 0x0000000800000000)
  region size 2048K, 1 young (2048K), 1 survivors (2048K)
 Metaspace       used 40510K, committed 41024K, reserved 1114112K
  class space    used 5114K, committed 5376K, reserved 1048576K
}
Event: 4.536 GC heap before
{Heap before GC invocations=12 (full 0):
 garbage-first heap   total 61440K, used 43147K [0x000000070aa00000, 0x0000000800000000)
  region size 2048K, 14 young (28672K), 1 survivors (2048K)
 Metaspace       used 43521K, committed 44096K, reserved 1114112K
  class space    used 5531K, committed 5824K, reserved 1048576K
}
Event: 4.541 GC heap after
{Heap after GC invocations=13 (full 0):
 garbage-first heap   total 157696K, used 19023K [0x000000070aa00000, 0x0000000800000000)
  region size 2048K, 2 young (4096K), 2 survivors (4096K)
 Metaspace       used 43521K, committed 44096K, reserved 1114112K
  class space    used 5531K, committed 5824K, reserved 1048576K
}
Event: 66.169 GC heap before
{Heap before GC invocations=13 (full 0):
 garbage-first heap   total 157696K, used 62031K [0x000000070aa00000, 0x0000000800000000)
  region size 2048K, 24 young (49152K), 2 survivors (4096K)
 Metaspace       used 53104K, committed 53696K, reserved 1114112K
  class space    used 6704K, committed 6976K, reserved 1048576K
}

